<?xml version="1.0" encoding="UTF-8"?>
<!-- Generated by org.testng.reporters.JUnitXMLReporter -->
<testsuite ignored="0" hostname="TarushDubale" failures="0" tests="3" name="Default test" time="28.936" errors="0" timestamp="2025-08-04T20:49:09 IST">
  <testcase classname="data.LoginByUsingDataProvider" name="loginMethod" time="10.853"/>
  <testcase classname="data.LoginByUsingDataProvider" name="loginMethod" time="7.999"/>
  <testcase classname="data.LoginByUsingDataProvider" name="loginMethod" time="9.833"/>
</testsuite> <!-- Default test -->
