<?xml version="1.0" encoding="UTF-8"?>
<!-- Generated by org.testng.reporters.JUnitXMLReporter -->
<testsuite ignored="2" hostname="TarushDubale" failures="0" tests="4" name="Test" time="0.173" errors="0" timestamp="2025-07-28T20:38:57 IST">
  <testcase classname="core.EnableAndDisable" name="five" time="0.03"/>
  <testcase classname="core.EnableAndDisable" name="four" time="0.006"/>
  <testcase classname="core.EnableAndDisable" name="three" time="0.008"/>
  <testcase classname="core.EnableAndDisable" name="six" time="0.007"/>
  <testcase classname="core.EnableAndDisable" name="one" time="0.0">
    <ignored/>
  </testcase> <!-- one -->
  <testcase classname="core.EnableAndDisable" name="two" time="0.0">
    <ignored/>
  </testcase> <!-- two -->
</testsuite> <!-- Test -->
