<?xml version="1.0" encoding="UTF-8"?>
<testng-results ignored="0" total="1" passed="1" failed="0" skipped="0">
  <reporter-output>
  </reporter-output>
  <suite started-at="2025-07-31T20:59:37 IST" name="Suite" finished-at="2025-07-31T20:59:47 IST" duration-ms="10094">
    <groups>
    </groups>
    <test started-at="2025-07-31T20:59:37 IST" name="Test" finished-at="2025-07-31T20:59:47 IST" duration-ms="10094">
      <class name="test.BrowserLaunchUsingParametrization">
        <test-method signature="launchBrowserChromeAndFirefox(java.lang.String)[pri:0, instance:test.BrowserLaunchUsingParametrization@35ef1869]" started-at="2025-07-31T20:59:37 IST" name="launchBrowserChromeAndFirefox" finished-at="2025-07-31T20:59:47 IST" duration-ms="10008" status="PASS">
          <params>
            <param index="0">
              <value>
                <![CDATA[firefox]]>
              </value>
            </param>
          </params>
          <reporter-output>
          </reporter-output>
        </test-method> <!-- launchBrowserChromeAndFirefox -->
      </class> <!-- test.BrowserLaunchUsingParametrization -->
    </test> <!-- Test -->
  </suite> <!-- Suite -->
</testng-results>
