<?xml version="1.0" encoding="UTF-8"?>
<testng-results ignored="0" total="1" passed="1" failed="0" skipped="0">
  <reporter-output>
  </reporter-output>
  <suite started-at="2025-08-05T21:00:28 IST" name="Default suite" finished-at="2025-08-05T21:00:44 IST" duration-ms="16088">
    <groups>
    </groups>
    <test started-at="2025-08-05T21:00:28 IST" name="Default test" finished-at="2025-08-05T21:00:44 IST" duration-ms="16088">
      <class name="link.BrokenLinks">
        <test-method signature="links()[pri:0, instance:link.BrokenLinks@7ed7259e]" started-at="2025-08-05T21:00:28 IST" name="links" finished-at="2025-08-05T21:00:44 IST" duration-ms="16017" status="PASS">
          <reporter-output>
          </reporter-output>
        </test-method> <!-- links -->
      </class> <!-- link.BrokenLinks -->
    </test> <!-- Default test -->
  </suite> <!-- Default suite -->
</testng-results>
